ERROR - 2024-06-11 19:27:56 --> mysqli_sql_exception: Cannot add or update a child row: a foreign key constraint fails (`biblioteca`.`emprestimo`, CONSTRAINT `emprestimo_ibfk_1` FOREIGN KEY (`id_livro`) REFERENCES `livro` (`id`)) in /opt/lampp/htdocs/ci4_biblioteca/system/Database/MySQLi/Connection.php:306
Stack trace:
#0 /opt/lampp/htdocs/ci4_biblioteca/system/Database/MySQLi/Connection.php(306): mysqli->query()
#1 /opt/lampp/htdocs/ci4_biblioteca/system/Database/BaseConnection.php(693): CodeIgniter\Database\MySQLi\Connection->execute()
#2 /opt/lampp/htdocs/ci4_biblioteca/system/Database/BaseConnection.php(607): CodeIgniter\Database\BaseConnection->simpleQuery()
#3 /opt/lampp/htdocs/ci4_biblioteca/system/Database/BaseBuilder.php(2474): CodeIgniter\Database\BaseConnection->query()
#4 /opt/lampp/htdocs/ci4_biblioteca/system/Model.php(393): CodeIgniter\Database\BaseBuilder->update()
#5 /opt/lampp/htdocs/ci4_biblioteca/system/BaseModel.php(987): CodeIgniter\Model->doUpdate()
#6 /opt/lampp/htdocs/ci4_biblioteca/system/Model.php(807): CodeIgniter\BaseModel->update()
#7 /opt/lampp/htdocs/ci4_biblioteca/system/BaseModel.php(711): CodeIgniter\Model->update()
#8 /opt/lampp/htdocs/ci4_biblioteca/app/Controllers/Emprestimo.php(69): CodeIgniter\BaseModel->save()
#9 /opt/lampp/htdocs/ci4_biblioteca/system/CodeIgniter.php(941): App\Controllers\Emprestimo->salvar()
#10 /opt/lampp/htdocs/ci4_biblioteca/system/CodeIgniter.php(502): CodeIgniter\CodeIgniter->runController()
#11 /opt/lampp/htdocs/ci4_biblioteca/system/CodeIgniter.php(361): CodeIgniter\CodeIgniter->handleRequest()
#12 /opt/lampp/htdocs/ci4_biblioteca/public/index.php(79): CodeIgniter\CodeIgniter->run()
#13 /opt/lampp/htdocs/ci4_biblioteca/system/Commands/Server/rewrite.php(47): require_once('...')
#14 {main}
CRITICAL - 2024-06-11 19:27:56 --> CodeIgniter\Database\Exceptions\DatabaseException: Cannot add or update a child row: a foreign key constraint fails (`biblioteca`.`emprestimo`, CONSTRAINT `emprestimo_ibfk_1` FOREIGN KEY (`id_livro`) REFERENCES `livro` (`id`))
in SYSTEMPATH/Database/BaseConnection.php on line 647.
 1 SYSTEMPATH/Database/BaseBuilder.php(2474): CodeIgniter\Database\BaseConnection->query()
 2 SYSTEMPATH/Model.php(393): CodeIgniter\Database\BaseBuilder->update()
 3 SYSTEMPATH/BaseModel.php(987): CodeIgniter\Model->doUpdate()
 4 SYSTEMPATH/Model.php(807): CodeIgniter\BaseModel->update()
 5 SYSTEMPATH/BaseModel.php(711): CodeIgniter\Model->update()
 6 APPPATH/Controllers/Emprestimo.php(69): CodeIgniter\BaseModel->save()
 7 SYSTEMPATH/CodeIgniter.php(941): App\Controllers\Emprestimo->salvar()
 8 SYSTEMPATH/CodeIgniter.php(502): CodeIgniter\CodeIgniter->runController()
 9 SYSTEMPATH/CodeIgniter.php(361): CodeIgniter\CodeIgniter->handleRequest()
10 FCPATH/index.php(79): CodeIgniter\CodeIgniter->run()
11 SYSTEMPATH/Commands/Server/rewrite.php(47): require_once('/opt/lampp/htdocs/ci4_biblioteca/public/index.php')
CRITICAL - 2024-06-11 19:27:56 --> [Caused by] CodeIgniter\Database\Exceptions\DatabaseException: Cannot add or update a child row: a foreign key constraint fails (`biblioteca`.`emprestimo`, CONSTRAINT `emprestimo_ibfk_1` FOREIGN KEY (`id_livro`) REFERENCES `livro` (`id`))
in SYSTEMPATH/Database/MySQLi/Connection.php on line 311.
 1 SYSTEMPATH/Database/BaseConnection.php(693): CodeIgniter\Database\MySQLi\Connection->execute()
 2 SYSTEMPATH/Database/BaseConnection.php(607): CodeIgniter\Database\BaseConnection->simpleQuery()
 3 SYSTEMPATH/Database/BaseBuilder.php(2474): CodeIgniter\Database\BaseConnection->query()
 4 SYSTEMPATH/Model.php(393): CodeIgniter\Database\BaseBuilder->update()
 5 SYSTEMPATH/BaseModel.php(987): CodeIgniter\Model->doUpdate()
 6 SYSTEMPATH/Model.php(807): CodeIgniter\BaseModel->update()
 7 SYSTEMPATH/BaseModel.php(711): CodeIgniter\Model->update()
 8 APPPATH/Controllers/Emprestimo.php(69): CodeIgniter\BaseModel->save()
 9 SYSTEMPATH/CodeIgniter.php(941): App\Controllers\Emprestimo->salvar()
10 SYSTEMPATH/CodeIgniter.php(502): CodeIgniter\CodeIgniter->runController()
11 SYSTEMPATH/CodeIgniter.php(361): CodeIgniter\CodeIgniter->handleRequest()
12 FCPATH/index.php(79): CodeIgniter\CodeIgniter->run()
13 SYSTEMPATH/Commands/Server/rewrite.php(47): require_once('/opt/lampp/htdocs/ci4_biblioteca/public/index.php')
CRITICAL - 2024-06-11 19:27:56 --> [Caused by] mysqli_sql_exception: Cannot add or update a child row: a foreign key constraint fails (`biblioteca`.`emprestimo`, CONSTRAINT `emprestimo_ibfk_1` FOREIGN KEY (`id_livro`) REFERENCES `livro` (`id`))
in SYSTEMPATH/Database/MySQLi/Connection.php on line 306.
 1 SYSTEMPATH/Database/MySQLi/Connection.php(306): mysqli->query()
 2 SYSTEMPATH/Database/BaseConnection.php(693): CodeIgniter\Database\MySQLi\Connection->execute()
 3 SYSTEMPATH/Database/BaseConnection.php(607): CodeIgniter\Database\BaseConnection->simpleQuery()
 4 SYSTEMPATH/Database/BaseBuilder.php(2474): CodeIgniter\Database\BaseConnection->query()
 5 SYSTEMPATH/Model.php(393): CodeIgniter\Database\BaseBuilder->update()
 6 SYSTEMPATH/BaseModel.php(987): CodeIgniter\Model->doUpdate()
 7 SYSTEMPATH/Model.php(807): CodeIgniter\BaseModel->update()
 8 SYSTEMPATH/BaseModel.php(711): CodeIgniter\Model->update()
 9 APPPATH/Controllers/Emprestimo.php(69): CodeIgniter\BaseModel->save()
10 SYSTEMPATH/CodeIgniter.php(941): App\Controllers\Emprestimo->salvar()
11 SYSTEMPATH/CodeIgniter.php(502): CodeIgniter\CodeIgniter->runController()
12 SYSTEMPATH/CodeIgniter.php(361): CodeIgniter\CodeIgniter->handleRequest()
13 FCPATH/index.php(79): CodeIgniter\CodeIgniter->run()
14 SYSTEMPATH/Commands/Server/rewrite.php(47): require_once('/opt/lampp/htdocs/ci4_biblioteca/public/index.php')
CRITICAL - 2024-06-11 19:29:04 --> ErrorException: Undefined variable $livro
in APPPATH/Views/emprestimo/edit.php on line 38.
 1 APPPATH/Views/emprestimo/edit.php(38): CodeIgniter\Debug\Exceptions->errorHandler()
 2 SYSTEMPATH/View/View.php(228): include('/opt/lampp/htdocs/ci4_biblioteca/app/Views/emprestimo/edit.php')
 3 SYSTEMPATH/View/View.php(231): CodeIgniter\View\View->CodeIgniter\View\{closure}()
 4 SYSTEMPATH/Common.php(1178): CodeIgniter\View\View->render()
 5 APPPATH/Controllers/Emprestimo.php(60): view()
 6 SYSTEMPATH/CodeIgniter.php(941): App\Controllers\Emprestimo->editar()
 7 SYSTEMPATH/CodeIgniter.php(502): CodeIgniter\CodeIgniter->runController()
 8 SYSTEMPATH/CodeIgniter.php(361): CodeIgniter\CodeIgniter->handleRequest()
 9 FCPATH/index.php(79): CodeIgniter\CodeIgniter->run()
10 SYSTEMPATH/Commands/Server/rewrite.php(47): require_once('/opt/lampp/htdocs/ci4_biblioteca/public/index.php')
ERROR - 2024-06-11 19:31:05 --> mysqli_sql_exception: Cannot add or update a child row: a foreign key constraint fails (`biblioteca`.`emprestimo`, CONSTRAINT `emprestimo_ibfk_2` FOREIGN KEY (`id_usuario`) REFERENCES `usuario` (`id`)) in /opt/lampp/htdocs/ci4_biblioteca/system/Database/MySQLi/Connection.php:306
Stack trace:
#0 /opt/lampp/htdocs/ci4_biblioteca/system/Database/MySQLi/Connection.php(306): mysqli->query()
#1 /opt/lampp/htdocs/ci4_biblioteca/system/Database/BaseConnection.php(693): CodeIgniter\Database\MySQLi\Connection->execute()
#2 /opt/lampp/htdocs/ci4_biblioteca/system/Database/BaseConnection.php(607): CodeIgniter\Database\BaseConnection->simpleQuery()
#3 /opt/lampp/htdocs/ci4_biblioteca/system/Database/BaseBuilder.php(2474): CodeIgniter\Database\BaseConnection->query()
#4 /opt/lampp/htdocs/ci4_biblioteca/system/Model.php(393): CodeIgniter\Database\BaseBuilder->update()
#5 /opt/lampp/htdocs/ci4_biblioteca/system/BaseModel.php(987): CodeIgniter\Model->doUpdate()
#6 /opt/lampp/htdocs/ci4_biblioteca/system/Model.php(807): CodeIgniter\BaseModel->update()
#7 /opt/lampp/htdocs/ci4_biblioteca/system/BaseModel.php(711): CodeIgniter\Model->update()
#8 /opt/lampp/htdocs/ci4_biblioteca/app/Controllers/Emprestimo.php(69): CodeIgniter\BaseModel->save()
#9 /opt/lampp/htdocs/ci4_biblioteca/system/CodeIgniter.php(941): App\Controllers\Emprestimo->salvar()
#10 /opt/lampp/htdocs/ci4_biblioteca/system/CodeIgniter.php(502): CodeIgniter\CodeIgniter->runController()
#11 /opt/lampp/htdocs/ci4_biblioteca/system/CodeIgniter.php(361): CodeIgniter\CodeIgniter->handleRequest()
#12 /opt/lampp/htdocs/ci4_biblioteca/public/index.php(79): CodeIgniter\CodeIgniter->run()
#13 /opt/lampp/htdocs/ci4_biblioteca/system/Commands/Server/rewrite.php(47): require_once('...')
#14 {main}
CRITICAL - 2024-06-11 19:31:05 --> CodeIgniter\Database\Exceptions\DatabaseException: Cannot add or update a child row: a foreign key constraint fails (`biblioteca`.`emprestimo`, CONSTRAINT `emprestimo_ibfk_2` FOREIGN KEY (`id_usuario`) REFERENCES `usuario` (`id`))
in SYSTEMPATH/Database/BaseConnection.php on line 647.
 1 SYSTEMPATH/Database/BaseBuilder.php(2474): CodeIgniter\Database\BaseConnection->query()
 2 SYSTEMPATH/Model.php(393): CodeIgniter\Database\BaseBuilder->update()
 3 SYSTEMPATH/BaseModel.php(987): CodeIgniter\Model->doUpdate()
 4 SYSTEMPATH/Model.php(807): CodeIgniter\BaseModel->update()
 5 SYSTEMPATH/BaseModel.php(711): CodeIgniter\Model->update()
 6 APPPATH/Controllers/Emprestimo.php(69): CodeIgniter\BaseModel->save()
 7 SYSTEMPATH/CodeIgniter.php(941): App\Controllers\Emprestimo->salvar()
 8 SYSTEMPATH/CodeIgniter.php(502): CodeIgniter\CodeIgniter->runController()
 9 SYSTEMPATH/CodeIgniter.php(361): CodeIgniter\CodeIgniter->handleRequest()
10 FCPATH/index.php(79): CodeIgniter\CodeIgniter->run()
11 SYSTEMPATH/Commands/Server/rewrite.php(47): require_once('/opt/lampp/htdocs/ci4_biblioteca/public/index.php')
CRITICAL - 2024-06-11 19:31:05 --> [Caused by] CodeIgniter\Database\Exceptions\DatabaseException: Cannot add or update a child row: a foreign key constraint fails (`biblioteca`.`emprestimo`, CONSTRAINT `emprestimo_ibfk_2` FOREIGN KEY (`id_usuario`) REFERENCES `usuario` (`id`))
in SYSTEMPATH/Database/MySQLi/Connection.php on line 311.
 1 SYSTEMPATH/Database/BaseConnection.php(693): CodeIgniter\Database\MySQLi\Connection->execute()
 2 SYSTEMPATH/Database/BaseConnection.php(607): CodeIgniter\Database\BaseConnection->simpleQuery()
 3 SYSTEMPATH/Database/BaseBuilder.php(2474): CodeIgniter\Database\BaseConnection->query()
 4 SYSTEMPATH/Model.php(393): CodeIgniter\Database\BaseBuilder->update()
 5 SYSTEMPATH/BaseModel.php(987): CodeIgniter\Model->doUpdate()
 6 SYSTEMPATH/Model.php(807): CodeIgniter\BaseModel->update()
 7 SYSTEMPATH/BaseModel.php(711): CodeIgniter\Model->update()
 8 APPPATH/Controllers/Emprestimo.php(69): CodeIgniter\BaseModel->save()
 9 SYSTEMPATH/CodeIgniter.php(941): App\Controllers\Emprestimo->salvar()
10 SYSTEMPATH/CodeIgniter.php(502): CodeIgniter\CodeIgniter->runController()
11 SYSTEMPATH/CodeIgniter.php(361): CodeIgniter\CodeIgniter->handleRequest()
12 FCPATH/index.php(79): CodeIgniter\CodeIgniter->run()
13 SYSTEMPATH/Commands/Server/rewrite.php(47): require_once('/opt/lampp/htdocs/ci4_biblioteca/public/index.php')
CRITICAL - 2024-06-11 19:31:05 --> [Caused by] mysqli_sql_exception: Cannot add or update a child row: a foreign key constraint fails (`biblioteca`.`emprestimo`, CONSTRAINT `emprestimo_ibfk_2` FOREIGN KEY (`id_usuario`) REFERENCES `usuario` (`id`))
in SYSTEMPATH/Database/MySQLi/Connection.php on line 306.
 1 SYSTEMPATH/Database/MySQLi/Connection.php(306): mysqli->query()
 2 SYSTEMPATH/Database/BaseConnection.php(693): CodeIgniter\Database\MySQLi\Connection->execute()
 3 SYSTEMPATH/Database/BaseConnection.php(607): CodeIgniter\Database\BaseConnection->simpleQuery()
 4 SYSTEMPATH/Database/BaseBuilder.php(2474): CodeIgniter\Database\BaseConnection->query()
 5 SYSTEMPATH/Model.php(393): CodeIgniter\Database\BaseBuilder->update()
 6 SYSTEMPATH/BaseModel.php(987): CodeIgniter\Model->doUpdate()
 7 SYSTEMPATH/Model.php(807): CodeIgniter\BaseModel->update()
 8 SYSTEMPATH/BaseModel.php(711): CodeIgniter\Model->update()
 9 APPPATH/Controllers/Emprestimo.php(69): CodeIgniter\BaseModel->save()
10 SYSTEMPATH/CodeIgniter.php(941): App\Controllers\Emprestimo->salvar()
11 SYSTEMPATH/CodeIgniter.php(502): CodeIgniter\CodeIgniter->runController()
12 SYSTEMPATH/CodeIgniter.php(361): CodeIgniter\CodeIgniter->handleRequest()
13 FCPATH/index.php(79): CodeIgniter\CodeIgniter->run()
14 SYSTEMPATH/Commands/Server/rewrite.php(47): require_once('/opt/lampp/htdocs/ci4_biblioteca/public/index.php')
ERROR - 2024-06-11 19:31:49 --> mysqli_sql_exception: Cannot add or update a child row: a foreign key constraint fails (`biblioteca`.`emprestimo`, CONSTRAINT `emprestimo_ibfk_2` FOREIGN KEY (`id_usuario`) REFERENCES `usuario` (`id`)) in /opt/lampp/htdocs/ci4_biblioteca/system/Database/MySQLi/Connection.php:306
Stack trace:
#0 /opt/lampp/htdocs/ci4_biblioteca/system/Database/MySQLi/Connection.php(306): mysqli->query()
#1 /opt/lampp/htdocs/ci4_biblioteca/system/Database/BaseConnection.php(693): CodeIgniter\Database\MySQLi\Connection->execute()
#2 /opt/lampp/htdocs/ci4_biblioteca/system/Database/BaseConnection.php(607): CodeIgniter\Database\BaseConnection->simpleQuery()
#3 /opt/lampp/htdocs/ci4_biblioteca/system/Database/BaseBuilder.php(2474): CodeIgniter\Database\BaseConnection->query()
#4 /opt/lampp/htdocs/ci4_biblioteca/system/Model.php(393): CodeIgniter\Database\BaseBuilder->update()
#5 /opt/lampp/htdocs/ci4_biblioteca/system/BaseModel.php(987): CodeIgniter\Model->doUpdate()
#6 /opt/lampp/htdocs/ci4_biblioteca/system/Model.php(807): CodeIgniter\BaseModel->update()
#7 /opt/lampp/htdocs/ci4_biblioteca/system/BaseModel.php(711): CodeIgniter\Model->update()
#8 /opt/lampp/htdocs/ci4_biblioteca/app/Controllers/Emprestimo.php(69): CodeIgniter\BaseModel->save()
#9 /opt/lampp/htdocs/ci4_biblioteca/system/CodeIgniter.php(941): App\Controllers\Emprestimo->salvar()
#10 /opt/lampp/htdocs/ci4_biblioteca/system/CodeIgniter.php(502): CodeIgniter\CodeIgniter->runController()
#11 /opt/lampp/htdocs/ci4_biblioteca/system/CodeIgniter.php(361): CodeIgniter\CodeIgniter->handleRequest()
#12 /opt/lampp/htdocs/ci4_biblioteca/public/index.php(79): CodeIgniter\CodeIgniter->run()
#13 /opt/lampp/htdocs/ci4_biblioteca/system/Commands/Server/rewrite.php(47): require_once('...')
#14 {main}
CRITICAL - 2024-06-11 19:31:49 --> CodeIgniter\Database\Exceptions\DatabaseException: Cannot add or update a child row: a foreign key constraint fails (`biblioteca`.`emprestimo`, CONSTRAINT `emprestimo_ibfk_2` FOREIGN KEY (`id_usuario`) REFERENCES `usuario` (`id`))
in SYSTEMPATH/Database/BaseConnection.php on line 647.
 1 SYSTEMPATH/Database/BaseBuilder.php(2474): CodeIgniter\Database\BaseConnection->query()
 2 SYSTEMPATH/Model.php(393): CodeIgniter\Database\BaseBuilder->update()
 3 SYSTEMPATH/BaseModel.php(987): CodeIgniter\Model->doUpdate()
 4 SYSTEMPATH/Model.php(807): CodeIgniter\BaseModel->update()
 5 SYSTEMPATH/BaseModel.php(711): CodeIgniter\Model->update()
 6 APPPATH/Controllers/Emprestimo.php(69): CodeIgniter\BaseModel->save()
 7 SYSTEMPATH/CodeIgniter.php(941): App\Controllers\Emprestimo->salvar()
 8 SYSTEMPATH/CodeIgniter.php(502): CodeIgniter\CodeIgniter->runController()
 9 SYSTEMPATH/CodeIgniter.php(361): CodeIgniter\CodeIgniter->handleRequest()
10 FCPATH/index.php(79): CodeIgniter\CodeIgniter->run()
11 SYSTEMPATH/Commands/Server/rewrite.php(47): require_once('/opt/lampp/htdocs/ci4_biblioteca/public/index.php')
CRITICAL - 2024-06-11 19:31:49 --> [Caused by] CodeIgniter\Database\Exceptions\DatabaseException: Cannot add or update a child row: a foreign key constraint fails (`biblioteca`.`emprestimo`, CONSTRAINT `emprestimo_ibfk_2` FOREIGN KEY (`id_usuario`) REFERENCES `usuario` (`id`))
in SYSTEMPATH/Database/MySQLi/Connection.php on line 311.
 1 SYSTEMPATH/Database/BaseConnection.php(693): CodeIgniter\Database\MySQLi\Connection->execute()
 2 SYSTEMPATH/Database/BaseConnection.php(607): CodeIgniter\Database\BaseConnection->simpleQuery()
 3 SYSTEMPATH/Database/BaseBuilder.php(2474): CodeIgniter\Database\BaseConnection->query()
 4 SYSTEMPATH/Model.php(393): CodeIgniter\Database\BaseBuilder->update()
 5 SYSTEMPATH/BaseModel.php(987): CodeIgniter\Model->doUpdate()
 6 SYSTEMPATH/Model.php(807): CodeIgniter\BaseModel->update()
 7 SYSTEMPATH/BaseModel.php(711): CodeIgniter\Model->update()
 8 APPPATH/Controllers/Emprestimo.php(69): CodeIgniter\BaseModel->save()
 9 SYSTEMPATH/CodeIgniter.php(941): App\Controllers\Emprestimo->salvar()
10 SYSTEMPATH/CodeIgniter.php(502): CodeIgniter\CodeIgniter->runController()
11 SYSTEMPATH/CodeIgniter.php(361): CodeIgniter\CodeIgniter->handleRequest()
12 FCPATH/index.php(79): CodeIgniter\CodeIgniter->run()
13 SYSTEMPATH/Commands/Server/rewrite.php(47): require_once('/opt/lampp/htdocs/ci4_biblioteca/public/index.php')
CRITICAL - 2024-06-11 19:31:49 --> [Caused by] mysqli_sql_exception: Cannot add or update a child row: a foreign key constraint fails (`biblioteca`.`emprestimo`, CONSTRAINT `emprestimo_ibfk_2` FOREIGN KEY (`id_usuario`) REFERENCES `usuario` (`id`))
in SYSTEMPATH/Database/MySQLi/Connection.php on line 306.
 1 SYSTEMPATH/Database/MySQLi/Connection.php(306): mysqli->query()
 2 SYSTEMPATH/Database/BaseConnection.php(693): CodeIgniter\Database\MySQLi\Connection->execute()
 3 SYSTEMPATH/Database/BaseConnection.php(607): CodeIgniter\Database\BaseConnection->simpleQuery()
 4 SYSTEMPATH/Database/BaseBuilder.php(2474): CodeIgniter\Database\BaseConnection->query()
 5 SYSTEMPATH/Model.php(393): CodeIgniter\Database\BaseBuilder->update()
 6 SYSTEMPATH/BaseModel.php(987): CodeIgniter\Model->doUpdate()
 7 SYSTEMPATH/Model.php(807): CodeIgniter\BaseModel->update()
 8 SYSTEMPATH/BaseModel.php(711): CodeIgniter\Model->update()
 9 APPPATH/Controllers/Emprestimo.php(69): CodeIgniter\BaseModel->save()
10 SYSTEMPATH/CodeIgniter.php(941): App\Controllers\Emprestimo->salvar()
11 SYSTEMPATH/CodeIgniter.php(502): CodeIgniter\CodeIgniter->runController()
12 SYSTEMPATH/CodeIgniter.php(361): CodeIgniter\CodeIgniter->handleRequest()
13 FCPATH/index.php(79): CodeIgniter\CodeIgniter->run()
14 SYSTEMPATH/Commands/Server/rewrite.php(47): require_once('/opt/lampp/htdocs/ci4_biblioteca/public/index.php')
ERROR - 2024-06-11 19:33:19 --> mysqli_sql_exception: Cannot add or update a child row: a foreign key constraint fails (`biblioteca`.`emprestimo`, CONSTRAINT `emprestimo_ibfk_2` FOREIGN KEY (`id_usuario`) REFERENCES `usuario` (`id`)) in /opt/lampp/htdocs/ci4_biblioteca/system/Database/MySQLi/Connection.php:306
Stack trace:
#0 /opt/lampp/htdocs/ci4_biblioteca/system/Database/MySQLi/Connection.php(306): mysqli->query()
#1 /opt/lampp/htdocs/ci4_biblioteca/system/Database/BaseConnection.php(693): CodeIgniter\Database\MySQLi\Connection->execute()
#2 /opt/lampp/htdocs/ci4_biblioteca/system/Database/BaseConnection.php(607): CodeIgniter\Database\BaseConnection->simpleQuery()
#3 /opt/lampp/htdocs/ci4_biblioteca/system/Database/BaseBuilder.php(2474): CodeIgniter\Database\BaseConnection->query()
#4 /opt/lampp/htdocs/ci4_biblioteca/system/Model.php(393): CodeIgniter\Database\BaseBuilder->update()
#5 /opt/lampp/htdocs/ci4_biblioteca/system/BaseModel.php(987): CodeIgniter\Model->doUpdate()
#6 /opt/lampp/htdocs/ci4_biblioteca/system/Model.php(807): CodeIgniter\BaseModel->update()
#7 /opt/lampp/htdocs/ci4_biblioteca/system/BaseModel.php(711): CodeIgniter\Model->update()
#8 /opt/lampp/htdocs/ci4_biblioteca/app/Controllers/Emprestimo.php(69): CodeIgniter\BaseModel->save()
#9 /opt/lampp/htdocs/ci4_biblioteca/system/CodeIgniter.php(941): App\Controllers\Emprestimo->salvar()
#10 /opt/lampp/htdocs/ci4_biblioteca/system/CodeIgniter.php(502): CodeIgniter\CodeIgniter->runController()
#11 /opt/lampp/htdocs/ci4_biblioteca/system/CodeIgniter.php(361): CodeIgniter\CodeIgniter->handleRequest()
#12 /opt/lampp/htdocs/ci4_biblioteca/public/index.php(79): CodeIgniter\CodeIgniter->run()
#13 /opt/lampp/htdocs/ci4_biblioteca/system/Commands/Server/rewrite.php(47): require_once('...')
#14 {main}
CRITICAL - 2024-06-11 19:33:19 --> CodeIgniter\Database\Exceptions\DatabaseException: Cannot add or update a child row: a foreign key constraint fails (`biblioteca`.`emprestimo`, CONSTRAINT `emprestimo_ibfk_2` FOREIGN KEY (`id_usuario`) REFERENCES `usuario` (`id`))
in SYSTEMPATH/Database/BaseConnection.php on line 647.
 1 SYSTEMPATH/Database/BaseBuilder.php(2474): CodeIgniter\Database\BaseConnection->query()
 2 SYSTEMPATH/Model.php(393): CodeIgniter\Database\BaseBuilder->update()
 3 SYSTEMPATH/BaseModel.php(987): CodeIgniter\Model->doUpdate()
 4 SYSTEMPATH/Model.php(807): CodeIgniter\BaseModel->update()
 5 SYSTEMPATH/BaseModel.php(711): CodeIgniter\Model->update()
 6 APPPATH/Controllers/Emprestimo.php(69): CodeIgniter\BaseModel->save()
 7 SYSTEMPATH/CodeIgniter.php(941): App\Controllers\Emprestimo->salvar()
 8 SYSTEMPATH/CodeIgniter.php(502): CodeIgniter\CodeIgniter->runController()
 9 SYSTEMPATH/CodeIgniter.php(361): CodeIgniter\CodeIgniter->handleRequest()
10 FCPATH/index.php(79): CodeIgniter\CodeIgniter->run()
11 SYSTEMPATH/Commands/Server/rewrite.php(47): require_once('/opt/lampp/htdocs/ci4_biblioteca/public/index.php')
CRITICAL - 2024-06-11 19:33:19 --> [Caused by] CodeIgniter\Database\Exceptions\DatabaseException: Cannot add or update a child row: a foreign key constraint fails (`biblioteca`.`emprestimo`, CONSTRAINT `emprestimo_ibfk_2` FOREIGN KEY (`id_usuario`) REFERENCES `usuario` (`id`))
in SYSTEMPATH/Database/MySQLi/Connection.php on line 311.
 1 SYSTEMPATH/Database/BaseConnection.php(693): CodeIgniter\Database\MySQLi\Connection->execute()
 2 SYSTEMPATH/Database/BaseConnection.php(607): CodeIgniter\Database\BaseConnection->simpleQuery()
 3 SYSTEMPATH/Database/BaseBuilder.php(2474): CodeIgniter\Database\BaseConnection->query()
 4 SYSTEMPATH/Model.php(393): CodeIgniter\Database\BaseBuilder->update()
 5 SYSTEMPATH/BaseModel.php(987): CodeIgniter\Model->doUpdate()
 6 SYSTEMPATH/Model.php(807): CodeIgniter\BaseModel->update()
 7 SYSTEMPATH/BaseModel.php(711): CodeIgniter\Model->update()
 8 APPPATH/Controllers/Emprestimo.php(69): CodeIgniter\BaseModel->save()
 9 SYSTEMPATH/CodeIgniter.php(941): App\Controllers\Emprestimo->salvar()
10 SYSTEMPATH/CodeIgniter.php(502): CodeIgniter\CodeIgniter->runController()
11 SYSTEMPATH/CodeIgniter.php(361): CodeIgniter\CodeIgniter->handleRequest()
12 FCPATH/index.php(79): CodeIgniter\CodeIgniter->run()
13 SYSTEMPATH/Commands/Server/rewrite.php(47): require_once('/opt/lampp/htdocs/ci4_biblioteca/public/index.php')
CRITICAL - 2024-06-11 19:33:19 --> [Caused by] mysqli_sql_exception: Cannot add or update a child row: a foreign key constraint fails (`biblioteca`.`emprestimo`, CONSTRAINT `emprestimo_ibfk_2` FOREIGN KEY (`id_usuario`) REFERENCES `usuario` (`id`))
in SYSTEMPATH/Database/MySQLi/Connection.php on line 306.
 1 SYSTEMPATH/Database/MySQLi/Connection.php(306): mysqli->query()
 2 SYSTEMPATH/Database/BaseConnection.php(693): CodeIgniter\Database\MySQLi\Connection->execute()
 3 SYSTEMPATH/Database/BaseConnection.php(607): CodeIgniter\Database\BaseConnection->simpleQuery()
 4 SYSTEMPATH/Database/BaseBuilder.php(2474): CodeIgniter\Database\BaseConnection->query()
 5 SYSTEMPATH/Model.php(393): CodeIgniter\Database\BaseBuilder->update()
 6 SYSTEMPATH/BaseModel.php(987): CodeIgniter\Model->doUpdate()
 7 SYSTEMPATH/Model.php(807): CodeIgniter\BaseModel->update()
 8 SYSTEMPATH/BaseModel.php(711): CodeIgniter\Model->update()
 9 APPPATH/Controllers/Emprestimo.php(69): CodeIgniter\BaseModel->save()
10 SYSTEMPATH/CodeIgniter.php(941): App\Controllers\Emprestimo->salvar()
11 SYSTEMPATH/CodeIgniter.php(502): CodeIgniter\CodeIgniter->runController()
12 SYSTEMPATH/CodeIgniter.php(361): CodeIgniter\CodeIgniter->handleRequest()
13 FCPATH/index.php(79): CodeIgniter\CodeIgniter->run()
14 SYSTEMPATH/Commands/Server/rewrite.php(47): require_once('/opt/lampp/htdocs/ci4_biblioteca/public/index.php')
ERROR - 2024-06-11 19:36:58 --> mysqli_sql_exception: Cannot add or update a child row: a foreign key constraint fails (`biblioteca`.`emprestimo`, CONSTRAINT `emprestimo_ibfk_2` FOREIGN KEY (`id_usuario`) REFERENCES `usuario` (`id`)) in /opt/lampp/htdocs/ci4_biblioteca/system/Database/MySQLi/Connection.php:306
Stack trace:
#0 /opt/lampp/htdocs/ci4_biblioteca/system/Database/MySQLi/Connection.php(306): mysqli->query()
#1 /opt/lampp/htdocs/ci4_biblioteca/system/Database/BaseConnection.php(693): CodeIgniter\Database\MySQLi\Connection->execute()
#2 /opt/lampp/htdocs/ci4_biblioteca/system/Database/BaseConnection.php(607): CodeIgniter\Database\BaseConnection->simpleQuery()
#3 /opt/lampp/htdocs/ci4_biblioteca/system/Database/BaseBuilder.php(2474): CodeIgniter\Database\BaseConnection->query()
#4 /opt/lampp/htdocs/ci4_biblioteca/system/Model.php(393): CodeIgniter\Database\BaseBuilder->update()
#5 /opt/lampp/htdocs/ci4_biblioteca/system/BaseModel.php(987): CodeIgniter\Model->doUpdate()
#6 /opt/lampp/htdocs/ci4_biblioteca/system/Model.php(807): CodeIgniter\BaseModel->update()
#7 /opt/lampp/htdocs/ci4_biblioteca/system/BaseModel.php(711): CodeIgniter\Model->update()
#8 /opt/lampp/htdocs/ci4_biblioteca/app/Controllers/Emprestimo.php(69): CodeIgniter\BaseModel->save()
#9 /opt/lampp/htdocs/ci4_biblioteca/system/CodeIgniter.php(941): App\Controllers\Emprestimo->salvar()
#10 /opt/lampp/htdocs/ci4_biblioteca/system/CodeIgniter.php(502): CodeIgniter\CodeIgniter->runController()
#11 /opt/lampp/htdocs/ci4_biblioteca/system/CodeIgniter.php(361): CodeIgniter\CodeIgniter->handleRequest()
#12 /opt/lampp/htdocs/ci4_biblioteca/public/index.php(79): CodeIgniter\CodeIgniter->run()
#13 /opt/lampp/htdocs/ci4_biblioteca/system/Commands/Server/rewrite.php(47): require_once('...')
#14 {main}
CRITICAL - 2024-06-11 19:36:58 --> CodeIgniter\Database\Exceptions\DatabaseException: Cannot add or update a child row: a foreign key constraint fails (`biblioteca`.`emprestimo`, CONSTRAINT `emprestimo_ibfk_2` FOREIGN KEY (`id_usuario`) REFERENCES `usuario` (`id`))
in SYSTEMPATH/Database/BaseConnection.php on line 647.
 1 SYSTEMPATH/Database/BaseBuilder.php(2474): CodeIgniter\Database\BaseConnection->query()
 2 SYSTEMPATH/Model.php(393): CodeIgniter\Database\BaseBuilder->update()
 3 SYSTEMPATH/BaseModel.php(987): CodeIgniter\Model->doUpdate()
 4 SYSTEMPATH/Model.php(807): CodeIgniter\BaseModel->update()
 5 SYSTEMPATH/BaseModel.php(711): CodeIgniter\Model->update()
 6 APPPATH/Controllers/Emprestimo.php(69): CodeIgniter\BaseModel->save()
 7 SYSTEMPATH/CodeIgniter.php(941): App\Controllers\Emprestimo->salvar()
 8 SYSTEMPATH/CodeIgniter.php(502): CodeIgniter\CodeIgniter->runController()
 9 SYSTEMPATH/CodeIgniter.php(361): CodeIgniter\CodeIgniter->handleRequest()
10 FCPATH/index.php(79): CodeIgniter\CodeIgniter->run()
11 SYSTEMPATH/Commands/Server/rewrite.php(47): require_once('/opt/lampp/htdocs/ci4_biblioteca/public/index.php')
CRITICAL - 2024-06-11 19:36:58 --> [Caused by] CodeIgniter\Database\Exceptions\DatabaseException: Cannot add or update a child row: a foreign key constraint fails (`biblioteca`.`emprestimo`, CONSTRAINT `emprestimo_ibfk_2` FOREIGN KEY (`id_usuario`) REFERENCES `usuario` (`id`))
in SYSTEMPATH/Database/MySQLi/Connection.php on line 311.
 1 SYSTEMPATH/Database/BaseConnection.php(693): CodeIgniter\Database\MySQLi\Connection->execute()
 2 SYSTEMPATH/Database/BaseConnection.php(607): CodeIgniter\Database\BaseConnection->simpleQuery()
 3 SYSTEMPATH/Database/BaseBuilder.php(2474): CodeIgniter\Database\BaseConnection->query()
 4 SYSTEMPATH/Model.php(393): CodeIgniter\Database\BaseBuilder->update()
 5 SYSTEMPATH/BaseModel.php(987): CodeIgniter\Model->doUpdate()
 6 SYSTEMPATH/Model.php(807): CodeIgniter\BaseModel->update()
 7 SYSTEMPATH/BaseModel.php(711): CodeIgniter\Model->update()
 8 APPPATH/Controllers/Emprestimo.php(69): CodeIgniter\BaseModel->save()
 9 SYSTEMPATH/CodeIgniter.php(941): App\Controllers\Emprestimo->salvar()
10 SYSTEMPATH/CodeIgniter.php(502): CodeIgniter\CodeIgniter->runController()
11 SYSTEMPATH/CodeIgniter.php(361): CodeIgniter\CodeIgniter->handleRequest()
12 FCPATH/index.php(79): CodeIgniter\CodeIgniter->run()
13 SYSTEMPATH/Commands/Server/rewrite.php(47): require_once('/opt/lampp/htdocs/ci4_biblioteca/public/index.php')
CRITICAL - 2024-06-11 19:36:58 --> [Caused by] mysqli_sql_exception: Cannot add or update a child row: a foreign key constraint fails (`biblioteca`.`emprestimo`, CONSTRAINT `emprestimo_ibfk_2` FOREIGN KEY (`id_usuario`) REFERENCES `usuario` (`id`))
in SYSTEMPATH/Database/MySQLi/Connection.php on line 306.
 1 SYSTEMPATH/Database/MySQLi/Connection.php(306): mysqli->query()
 2 SYSTEMPATH/Database/BaseConnection.php(693): CodeIgniter\Database\MySQLi\Connection->execute()
 3 SYSTEMPATH/Database/BaseConnection.php(607): CodeIgniter\Database\BaseConnection->simpleQuery()
 4 SYSTEMPATH/Database/BaseBuilder.php(2474): CodeIgniter\Database\BaseConnection->query()
 5 SYSTEMPATH/Model.php(393): CodeIgniter\Database\BaseBuilder->update()
 6 SYSTEMPATH/BaseModel.php(987): CodeIgniter\Model->doUpdate()
 7 SYSTEMPATH/Model.php(807): CodeIgniter\BaseModel->update()
 8 SYSTEMPATH/BaseModel.php(711): CodeIgniter\Model->update()
 9 APPPATH/Controllers/Emprestimo.php(69): CodeIgniter\BaseModel->save()
10 SYSTEMPATH/CodeIgniter.php(941): App\Controllers\Emprestimo->salvar()
11 SYSTEMPATH/CodeIgniter.php(502): CodeIgniter\CodeIgniter->runController()
12 SYSTEMPATH/CodeIgniter.php(361): CodeIgniter\CodeIgniter->handleRequest()
13 FCPATH/index.php(79): CodeIgniter\CodeIgniter->run()
14 SYSTEMPATH/Commands/Server/rewrite.php(47): require_once('/opt/lampp/htdocs/ci4_biblioteca/public/index.php')
