CRITICAL - 2024-06-03 15:13:54 --> ErrorException: Undefined array key "titulo"
in APPPATH/Views/emprestimo/index.php on line 35.
 1 APPPATH/Views/emprestimo/index.php(35): CodeIgniter\Debug\Exceptions->errorHandler()
 2 SYSTEMPATH/View/View.php(228): include('/opt/lampp/htdocs/ci4_biblioteca/app/Views/emprestimo/index.php')
 3 SYSTEMPATH/View/View.php(231): CodeIgniter\View\View->CodeIgniter\View\{closure}()
 4 SYSTEMPATH/Common.php(1178): CodeIgniter\View\View->render()
 5 APPPATH/Controllers/Emprestimo.php(36): view()
 6 SYSTEMPATH/CodeIgniter.php(941): App\Controllers\Emprestimo->index()
 7 SYSTEMPATH/CodeIgniter.php(502): CodeIgniter\CodeIgniter->runController()
 8 SYSTEMPATH/CodeIgniter.php(361): CodeIgniter\CodeIgniter->handleRequest()
 9 FCPATH/index.php(79): CodeIgniter\CodeIgniter->run()
10 SYSTEMPATH/Commands/Server/rewrite.php(47): require_once('/opt/lampp/htdocs/ci4_biblioteca/public/index.php')
CRITICAL - 2024-06-03 15:17:13 --> ErrorException: Undefined variable $dadosLivros
in APPPATH/Controllers/Emprestimo.php on line 56.
 1 APPPATH/Controllers/Emprestimo.php(56): CodeIgniter\Debug\Exceptions->errorHandler()
 2 SYSTEMPATH/CodeIgniter.php(941): App\Controllers\Emprestimo->editar()
 3 SYSTEMPATH/CodeIgniter.php(502): CodeIgniter\CodeIgniter->runController()
 4 SYSTEMPATH/CodeIgniter.php(361): CodeIgniter\CodeIgniter->handleRequest()
 5 FCPATH/index.php(79): CodeIgniter\CodeIgniter->run()
 6 SYSTEMPATH/Commands/Server/rewrite.php(47): require_once('/opt/lampp/htdocs/ci4_biblioteca/public/index.php')
CRITICAL - 2024-06-03 15:17:34 --> ErrorException: Undefined variable $Livros
in APPPATH/Controllers/Emprestimo.php on line 56.
 1 APPPATH/Controllers/Emprestimo.php(56): CodeIgniter\Debug\Exceptions->errorHandler()
 2 SYSTEMPATH/CodeIgniter.php(941): App\Controllers\Emprestimo->editar()
 3 SYSTEMPATH/CodeIgniter.php(502): CodeIgniter\CodeIgniter->runController()
 4 SYSTEMPATH/CodeIgniter.php(361): CodeIgniter\CodeIgniter->handleRequest()
 5 FCPATH/index.php(79): CodeIgniter\CodeIgniter->run()
 6 SYSTEMPATH/Commands/Server/rewrite.php(47): require_once('/opt/lampp/htdocs/ci4_biblioteca/public/index.php')
CRITICAL - 2024-06-03 15:17:38 --> ErrorException: Undefined variable $Livros
in APPPATH/Controllers/Emprestimo.php on line 56.
 1 APPPATH/Controllers/Emprestimo.php(56): CodeIgniter\Debug\Exceptions->errorHandler()
 2 SYSTEMPATH/CodeIgniter.php(941): App\Controllers\Emprestimo->editar()
 3 SYSTEMPATH/CodeIgniter.php(502): CodeIgniter\CodeIgniter->runController()
 4 SYSTEMPATH/CodeIgniter.php(361): CodeIgniter\CodeIgniter->handleRequest()
 5 FCPATH/index.php(79): CodeIgniter\CodeIgniter->run()
 6 SYSTEMPATH/Commands/Server/rewrite.php(47): require_once('/opt/lampp/htdocs/ci4_biblioteca/public/index.php')
CRITICAL - 2024-06-03 15:17:57 --> ErrorException: Undefined variable $autor
in APPPATH/Views/emprestimo/edit.php on line 6.
 1 APPPATH/Views/emprestimo/edit.php(6): CodeIgniter\Debug\Exceptions->errorHandler()
 2 SYSTEMPATH/View/View.php(228): include('/opt/lampp/htdocs/ci4_biblioteca/app/Views/emprestimo/edit.php')
 3 SYSTEMPATH/View/View.php(231): CodeIgniter\View\View->CodeIgniter\View\{closure}()
 4 SYSTEMPATH/Common.php(1178): CodeIgniter\View\View->render()
 5 APPPATH/Controllers/Emprestimo.php(58): view()
 6 SYSTEMPATH/CodeIgniter.php(941): App\Controllers\Emprestimo->editar()
 7 SYSTEMPATH/CodeIgniter.php(502): CodeIgniter\CodeIgniter->runController()
 8 SYSTEMPATH/CodeIgniter.php(361): CodeIgniter\CodeIgniter->handleRequest()
 9 FCPATH/index.php(79): CodeIgniter\CodeIgniter->run()
10 SYSTEMPATH/Commands/Server/rewrite.php(47): require_once('/opt/lampp/htdocs/ci4_biblioteca/public/index.php')
CRITICAL - 2024-06-03 15:17:58 --> ErrorException: Undefined variable $autor
in APPPATH/Views/emprestimo/edit.php on line 6.
 1 APPPATH/Views/emprestimo/edit.php(6): CodeIgniter\Debug\Exceptions->errorHandler()
 2 SYSTEMPATH/View/View.php(228): include('/opt/lampp/htdocs/ci4_biblioteca/app/Views/emprestimo/edit.php')
 3 SYSTEMPATH/View/View.php(231): CodeIgniter\View\View->CodeIgniter\View\{closure}()
 4 SYSTEMPATH/Common.php(1178): CodeIgniter\View\View->render()
 5 APPPATH/Controllers/Emprestimo.php(58): view()
 6 SYSTEMPATH/CodeIgniter.php(941): App\Controllers\Emprestimo->editar()
 7 SYSTEMPATH/CodeIgniter.php(502): CodeIgniter\CodeIgniter->runController()
 8 SYSTEMPATH/CodeIgniter.php(361): CodeIgniter\CodeIgniter->handleRequest()
 9 FCPATH/index.php(79): CodeIgniter\CodeIgniter->run()
10 SYSTEMPATH/Commands/Server/rewrite.php(47): require_once('/opt/lampp/htdocs/ci4_biblioteca/public/index.php')
CRITICAL - 2024-06-03 15:18:01 --> ErrorException: Undefined variable $autor
in APPPATH/Views/emprestimo/edit.php on line 6.
 1 APPPATH/Views/emprestimo/edit.php(6): CodeIgniter\Debug\Exceptions->errorHandler()
 2 SYSTEMPATH/View/View.php(228): include('/opt/lampp/htdocs/ci4_biblioteca/app/Views/emprestimo/edit.php')
 3 SYSTEMPATH/View/View.php(231): CodeIgniter\View\View->CodeIgniter\View\{closure}()
 4 SYSTEMPATH/Common.php(1178): CodeIgniter\View\View->render()
 5 APPPATH/Controllers/Emprestimo.php(58): view()
 6 SYSTEMPATH/CodeIgniter.php(941): App\Controllers\Emprestimo->editar()
 7 SYSTEMPATH/CodeIgniter.php(502): CodeIgniter\CodeIgniter->runController()
 8 SYSTEMPATH/CodeIgniter.php(361): CodeIgniter\CodeIgniter->handleRequest()
 9 FCPATH/index.php(79): CodeIgniter\CodeIgniter->run()
10 SYSTEMPATH/Commands/Server/rewrite.php(47): require_once('/opt/lampp/htdocs/ci4_biblioteca/public/index.php')
CRITICAL - 2024-06-03 15:27:37 --> ErrorException: Undefined array key "data_final"
in APPPATH/Views/emprestimo/edit.php on line 20.
 1 APPPATH/Views/emprestimo/edit.php(20): CodeIgniter\Debug\Exceptions->errorHandler()
 2 SYSTEMPATH/View/View.php(228): include('/opt/lampp/htdocs/ci4_biblioteca/app/Views/emprestimo/edit.php')
 3 SYSTEMPATH/View/View.php(231): CodeIgniter\View\View->CodeIgniter\View\{closure}()
 4 SYSTEMPATH/Common.php(1178): CodeIgniter\View\View->render()
 5 APPPATH/Controllers/Emprestimo.php(58): view()
 6 SYSTEMPATH/CodeIgniter.php(941): App\Controllers\Emprestimo->editar()
 7 SYSTEMPATH/CodeIgniter.php(502): CodeIgniter\CodeIgniter->runController()
 8 SYSTEMPATH/CodeIgniter.php(361): CodeIgniter\CodeIgniter->handleRequest()
 9 FCPATH/index.php(79): CodeIgniter\CodeIgniter->run()
10 SYSTEMPATH/Commands/Server/rewrite.php(47): require_once('/opt/lampp/htdocs/ci4_biblioteca/public/index.php')
CRITICAL - 2024-06-03 15:27:58 --> ErrorException: Undefined array key "prazo"
in APPPATH/Views/emprestimo/edit.php on line 28.
 1 APPPATH/Views/emprestimo/edit.php(28): CodeIgniter\Debug\Exceptions->errorHandler()
 2 SYSTEMPATH/View/View.php(228): include('/opt/lampp/htdocs/ci4_biblioteca/app/Views/emprestimo/edit.php')
 3 SYSTEMPATH/View/View.php(231): CodeIgniter\View\View->CodeIgniter\View\{closure}()
 4 SYSTEMPATH/Common.php(1178): CodeIgniter\View\View->render()
 5 APPPATH/Controllers/Emprestimo.php(58): view()
 6 SYSTEMPATH/CodeIgniter.php(941): App\Controllers\Emprestimo->editar()
 7 SYSTEMPATH/CodeIgniter.php(502): CodeIgniter\CodeIgniter->runController()
 8 SYSTEMPATH/CodeIgniter.php(361): CodeIgniter\CodeIgniter->handleRequest()
 9 FCPATH/index.php(79): CodeIgniter\CodeIgniter->run()
10 SYSTEMPATH/Commands/Server/rewrite.php(47): require_once('/opt/lampp/htdocs/ci4_biblioteca/public/index.php')
CRITICAL - 2024-06-03 15:28:40 --> ErrorException: Undefined array key "livro"
in APPPATH/Views/emprestimo/edit.php on line 36.
 1 APPPATH/Views/emprestimo/edit.php(36): CodeIgniter\Debug\Exceptions->errorHandler()
 2 SYSTEMPATH/View/View.php(228): include('/opt/lampp/htdocs/ci4_biblioteca/app/Views/emprestimo/edit.php')
 3 SYSTEMPATH/View/View.php(231): CodeIgniter\View\View->CodeIgniter\View\{closure}()
 4 SYSTEMPATH/Common.php(1178): CodeIgniter\View\View->render()
 5 APPPATH/Controllers/Emprestimo.php(58): view()
 6 SYSTEMPATH/CodeIgniter.php(941): App\Controllers\Emprestimo->editar()
 7 SYSTEMPATH/CodeIgniter.php(502): CodeIgniter\CodeIgniter->runController()
 8 SYSTEMPATH/CodeIgniter.php(361): CodeIgniter\CodeIgniter->handleRequest()
 9 FCPATH/index.php(79): CodeIgniter\CodeIgniter->run()
10 SYSTEMPATH/Commands/Server/rewrite.php(47): require_once('/opt/lampp/htdocs/ci4_biblioteca/public/index.php')
CRITICAL - 2024-06-03 15:30:23 --> ErrorException: Undefined array key "id_usuario"
in APPPATH/Views/emprestimo/edit.php on line 44.
 1 APPPATH/Views/emprestimo/edit.php(44): CodeIgniter\Debug\Exceptions->errorHandler()
 2 SYSTEMPATH/View/View.php(228): include('/opt/lampp/htdocs/ci4_biblioteca/app/Views/emprestimo/edit.php')
 3 SYSTEMPATH/View/View.php(231): CodeIgniter\View\View->CodeIgniter\View\{closure}()
 4 SYSTEMPATH/Common.php(1178): CodeIgniter\View\View->render()
 5 APPPATH/Controllers/Emprestimo.php(58): view()
 6 SYSTEMPATH/CodeIgniter.php(941): App\Controllers\Emprestimo->editar()
 7 SYSTEMPATH/CodeIgniter.php(502): CodeIgniter\CodeIgniter->runController()
 8 SYSTEMPATH/CodeIgniter.php(361): CodeIgniter\CodeIgniter->handleRequest()
 9 FCPATH/index.php(79): CodeIgniter\CodeIgniter->run()
10 SYSTEMPATH/Commands/Server/rewrite.php(47): require_once('/opt/lampp/htdocs/ci4_biblioteca/public/index.php')
CRITICAL - 2024-06-03 15:30:36 --> ErrorException: Undefined array key "id"
in APPPATH/Views/emprestimo/edit.php on line 44.
 1 APPPATH/Views/emprestimo/edit.php(44): CodeIgniter\Debug\Exceptions->errorHandler()
 2 SYSTEMPATH/View/View.php(228): include('/opt/lampp/htdocs/ci4_biblioteca/app/Views/emprestimo/edit.php')
 3 SYSTEMPATH/View/View.php(231): CodeIgniter\View\View->CodeIgniter\View\{closure}()
 4 SYSTEMPATH/Common.php(1178): CodeIgniter\View\View->render()
 5 APPPATH/Controllers/Emprestimo.php(58): view()
 6 SYSTEMPATH/CodeIgniter.php(941): App\Controllers\Emprestimo->editar()
 7 SYSTEMPATH/CodeIgniter.php(502): CodeIgniter\CodeIgniter->runController()
 8 SYSTEMPATH/CodeIgniter.php(361): CodeIgniter\CodeIgniter->handleRequest()
 9 FCPATH/index.php(79): CodeIgniter\CodeIgniter->run()
10 SYSTEMPATH/Commands/Server/rewrite.php(47): require_once('/opt/lampp/htdocs/ci4_biblioteca/public/index.php')
CRITICAL - 2024-06-03 15:30:37 --> ErrorException: Undefined array key "id"
in APPPATH/Views/emprestimo/edit.php on line 44.
 1 APPPATH/Views/emprestimo/edit.php(44): CodeIgniter\Debug\Exceptions->errorHandler()
 2 SYSTEMPATH/View/View.php(228): include('/opt/lampp/htdocs/ci4_biblioteca/app/Views/emprestimo/edit.php')
 3 SYSTEMPATH/View/View.php(231): CodeIgniter\View\View->CodeIgniter\View\{closure}()
 4 SYSTEMPATH/Common.php(1178): CodeIgniter\View\View->render()
 5 APPPATH/Controllers/Emprestimo.php(58): view()
 6 SYSTEMPATH/CodeIgniter.php(941): App\Controllers\Emprestimo->editar()
 7 SYSTEMPATH/CodeIgniter.php(502): CodeIgniter\CodeIgniter->runController()
 8 SYSTEMPATH/CodeIgniter.php(361): CodeIgniter\CodeIgniter->handleRequest()
 9 FCPATH/index.php(79): CodeIgniter\CodeIgniter->run()
10 SYSTEMPATH/Commands/Server/rewrite.php(47): require_once('/opt/lampp/htdocs/ci4_biblioteca/public/index.php')
CRITICAL - 2024-06-03 15:31:06 --> ErrorException: Undefined array key "id"
in APPPATH/Views/emprestimo/edit.php on line 44.
 1 APPPATH/Views/emprestimo/edit.php(44): CodeIgniter\Debug\Exceptions->errorHandler()
 2 SYSTEMPATH/View/View.php(228): include('/opt/lampp/htdocs/ci4_biblioteca/app/Views/emprestimo/edit.php')
 3 SYSTEMPATH/View/View.php(231): CodeIgniter\View\View->CodeIgniter\View\{closure}()
 4 SYSTEMPATH/Common.php(1178): CodeIgniter\View\View->render()
 5 APPPATH/Controllers/Emprestimo.php(58): view()
 6 SYSTEMPATH/CodeIgniter.php(941): App\Controllers\Emprestimo->editar()
 7 SYSTEMPATH/CodeIgniter.php(502): CodeIgniter\CodeIgniter->runController()
 8 SYSTEMPATH/CodeIgniter.php(361): CodeIgniter\CodeIgniter->handleRequest()
 9 FCPATH/index.php(79): CodeIgniter\CodeIgniter->run()
10 SYSTEMPATH/Commands/Server/rewrite.php(47): require_once('/opt/lampp/htdocs/ci4_biblioteca/public/index.php')
CRITICAL - 2024-06-03 15:31:06 --> ErrorException: Undefined array key "id"
in APPPATH/Views/emprestimo/edit.php on line 44.
 1 APPPATH/Views/emprestimo/edit.php(44): CodeIgniter\Debug\Exceptions->errorHandler()
 2 SYSTEMPATH/View/View.php(228): include('/opt/lampp/htdocs/ci4_biblioteca/app/Views/emprestimo/edit.php')
 3 SYSTEMPATH/View/View.php(231): CodeIgniter\View\View->CodeIgniter\View\{closure}()
 4 SYSTEMPATH/Common.php(1178): CodeIgniter\View\View->render()
 5 APPPATH/Controllers/Emprestimo.php(58): view()
 6 SYSTEMPATH/CodeIgniter.php(941): App\Controllers\Emprestimo->editar()
 7 SYSTEMPATH/CodeIgniter.php(502): CodeIgniter\CodeIgniter->runController()
 8 SYSTEMPATH/CodeIgniter.php(361): CodeIgniter\CodeIgniter->handleRequest()
 9 FCPATH/index.php(79): CodeIgniter\CodeIgniter->run()
10 SYSTEMPATH/Commands/Server/rewrite.php(47): require_once('/opt/lampp/htdocs/ci4_biblioteca/public/index.php')
CRITICAL - 2024-06-03 15:31:06 --> ErrorException: Undefined array key "id"
in APPPATH/Views/emprestimo/edit.php on line 44.
 1 APPPATH/Views/emprestimo/edit.php(44): CodeIgniter\Debug\Exceptions->errorHandler()
 2 SYSTEMPATH/View/View.php(228): include('/opt/lampp/htdocs/ci4_biblioteca/app/Views/emprestimo/edit.php')
 3 SYSTEMPATH/View/View.php(231): CodeIgniter\View\View->CodeIgniter\View\{closure}()
 4 SYSTEMPATH/Common.php(1178): CodeIgniter\View\View->render()
 5 APPPATH/Controllers/Emprestimo.php(58): view()
 6 SYSTEMPATH/CodeIgniter.php(941): App\Controllers\Emprestimo->editar()
 7 SYSTEMPATH/CodeIgniter.php(502): CodeIgniter\CodeIgniter->runController()
 8 SYSTEMPATH/CodeIgniter.php(361): CodeIgniter\CodeIgniter->handleRequest()
 9 FCPATH/index.php(79): CodeIgniter\CodeIgniter->run()
10 SYSTEMPATH/Commands/Server/rewrite.php(47): require_once('/opt/lampp/htdocs/ci4_biblioteca/public/index.php')
CRITICAL - 2024-06-03 15:31:07 --> ErrorException: Undefined array key "id"
in APPPATH/Views/emprestimo/edit.php on line 44.
 1 APPPATH/Views/emprestimo/edit.php(44): CodeIgniter\Debug\Exceptions->errorHandler()
 2 SYSTEMPATH/View/View.php(228): include('/opt/lampp/htdocs/ci4_biblioteca/app/Views/emprestimo/edit.php')
 3 SYSTEMPATH/View/View.php(231): CodeIgniter\View\View->CodeIgniter\View\{closure}()
 4 SYSTEMPATH/Common.php(1178): CodeIgniter\View\View->render()
 5 APPPATH/Controllers/Emprestimo.php(58): view()
 6 SYSTEMPATH/CodeIgniter.php(941): App\Controllers\Emprestimo->editar()
 7 SYSTEMPATH/CodeIgniter.php(502): CodeIgniter\CodeIgniter->runController()
 8 SYSTEMPATH/CodeIgniter.php(361): CodeIgniter\CodeIgniter->handleRequest()
 9 FCPATH/index.php(79): CodeIgniter\CodeIgniter->run()
10 SYSTEMPATH/Commands/Server/rewrite.php(47): require_once('/opt/lampp/htdocs/ci4_biblioteca/public/index.php')
CRITICAL - 2024-06-03 15:31:07 --> ErrorException: Undefined array key "id"
in APPPATH/Views/emprestimo/edit.php on line 44.
 1 APPPATH/Views/emprestimo/edit.php(44): CodeIgniter\Debug\Exceptions->errorHandler()
 2 SYSTEMPATH/View/View.php(228): include('/opt/lampp/htdocs/ci4_biblioteca/app/Views/emprestimo/edit.php')
 3 SYSTEMPATH/View/View.php(231): CodeIgniter\View\View->CodeIgniter\View\{closure}()
 4 SYSTEMPATH/Common.php(1178): CodeIgniter\View\View->render()
 5 APPPATH/Controllers/Emprestimo.php(58): view()
 6 SYSTEMPATH/CodeIgniter.php(941): App\Controllers\Emprestimo->editar()
 7 SYSTEMPATH/CodeIgniter.php(502): CodeIgniter\CodeIgniter->runController()
 8 SYSTEMPATH/CodeIgniter.php(361): CodeIgniter\CodeIgniter->handleRequest()
 9 FCPATH/index.php(79): CodeIgniter\CodeIgniter->run()
10 SYSTEMPATH/Commands/Server/rewrite.php(47): require_once('/opt/lampp/htdocs/ci4_biblioteca/public/index.php')
CRITICAL - 2024-06-03 15:31:07 --> ErrorException: Undefined array key "id"
in APPPATH/Views/emprestimo/edit.php on line 44.
 1 APPPATH/Views/emprestimo/edit.php(44): CodeIgniter\Debug\Exceptions->errorHandler()
 2 SYSTEMPATH/View/View.php(228): include('/opt/lampp/htdocs/ci4_biblioteca/app/Views/emprestimo/edit.php')
 3 SYSTEMPATH/View/View.php(231): CodeIgniter\View\View->CodeIgniter\View\{closure}()
 4 SYSTEMPATH/Common.php(1178): CodeIgniter\View\View->render()
 5 APPPATH/Controllers/Emprestimo.php(58): view()
 6 SYSTEMPATH/CodeIgniter.php(941): App\Controllers\Emprestimo->editar()
 7 SYSTEMPATH/CodeIgniter.php(502): CodeIgniter\CodeIgniter->runController()
 8 SYSTEMPATH/CodeIgniter.php(361): CodeIgniter\CodeIgniter->handleRequest()
 9 FCPATH/index.php(79): CodeIgniter\CodeIgniter->run()
10 SYSTEMPATH/Commands/Server/rewrite.php(47): require_once('/opt/lampp/htdocs/ci4_biblioteca/public/index.php')
CRITICAL - 2024-06-03 15:31:07 --> ErrorException: Undefined array key "id"
in APPPATH/Views/emprestimo/edit.php on line 44.
 1 APPPATH/Views/emprestimo/edit.php(44): CodeIgniter\Debug\Exceptions->errorHandler()
 2 SYSTEMPATH/View/View.php(228): include('/opt/lampp/htdocs/ci4_biblioteca/app/Views/emprestimo/edit.php')
 3 SYSTEMPATH/View/View.php(231): CodeIgniter\View\View->CodeIgniter\View\{closure}()
 4 SYSTEMPATH/Common.php(1178): CodeIgniter\View\View->render()
 5 APPPATH/Controllers/Emprestimo.php(58): view()
 6 SYSTEMPATH/CodeIgniter.php(941): App\Controllers\Emprestimo->editar()
 7 SYSTEMPATH/CodeIgniter.php(502): CodeIgniter\CodeIgniter->runController()
 8 SYSTEMPATH/CodeIgniter.php(361): CodeIgniter\CodeIgniter->handleRequest()
 9 FCPATH/index.php(79): CodeIgniter\CodeIgniter->run()
10 SYSTEMPATH/Commands/Server/rewrite.php(47): require_once('/opt/lampp/htdocs/ci4_biblioteca/public/index.php')
CRITICAL - 2024-06-03 15:31:07 --> ErrorException: Undefined array key "id"
in APPPATH/Views/emprestimo/edit.php on line 44.
 1 APPPATH/Views/emprestimo/edit.php(44): CodeIgniter\Debug\Exceptions->errorHandler()
 2 SYSTEMPATH/View/View.php(228): include('/opt/lampp/htdocs/ci4_biblioteca/app/Views/emprestimo/edit.php')
 3 SYSTEMPATH/View/View.php(231): CodeIgniter\View\View->CodeIgniter\View\{closure}()
 4 SYSTEMPATH/Common.php(1178): CodeIgniter\View\View->render()
 5 APPPATH/Controllers/Emprestimo.php(58): view()
 6 SYSTEMPATH/CodeIgniter.php(941): App\Controllers\Emprestimo->editar()
 7 SYSTEMPATH/CodeIgniter.php(502): CodeIgniter\CodeIgniter->runController()
 8 SYSTEMPATH/CodeIgniter.php(361): CodeIgniter\CodeIgniter->handleRequest()
 9 FCPATH/index.php(79): CodeIgniter\CodeIgniter->run()
10 SYSTEMPATH/Commands/Server/rewrite.php(47): require_once('/opt/lampp/htdocs/ci4_biblioteca/public/index.php')
CRITICAL - 2024-06-03 15:34:36 --> ErrorException: Undefined array key "id_usuario"
in APPPATH/Views/emprestimo/edit.php on line 44.
 1 APPPATH/Views/emprestimo/edit.php(44): CodeIgniter\Debug\Exceptions->errorHandler()
 2 SYSTEMPATH/View/View.php(228): include('/opt/lampp/htdocs/ci4_biblioteca/app/Views/emprestimo/edit.php')
 3 SYSTEMPATH/View/View.php(231): CodeIgniter\View\View->CodeIgniter\View\{closure}()
 4 SYSTEMPATH/Common.php(1178): CodeIgniter\View\View->render()
 5 APPPATH/Controllers/Emprestimo.php(58): view()
 6 SYSTEMPATH/CodeIgniter.php(941): App\Controllers\Emprestimo->editar()
 7 SYSTEMPATH/CodeIgniter.php(502): CodeIgniter\CodeIgniter->runController()
 8 SYSTEMPATH/CodeIgniter.php(361): CodeIgniter\CodeIgniter->handleRequest()
 9 FCPATH/index.php(79): CodeIgniter\CodeIgniter->run()
10 SYSTEMPATH/Commands/Server/rewrite.php(47): require_once('/opt/lampp/htdocs/ci4_biblioteca/public/index.php')
CRITICAL - 2024-06-03 15:34:37 --> ErrorException: Undefined array key "id_usuario"
in APPPATH/Views/emprestimo/edit.php on line 44.
 1 APPPATH/Views/emprestimo/edit.php(44): CodeIgniter\Debug\Exceptions->errorHandler()
 2 SYSTEMPATH/View/View.php(228): include('/opt/lampp/htdocs/ci4_biblioteca/app/Views/emprestimo/edit.php')
 3 SYSTEMPATH/View/View.php(231): CodeIgniter\View\View->CodeIgniter\View\{closure}()
 4 SYSTEMPATH/Common.php(1178): CodeIgniter\View\View->render()
 5 APPPATH/Controllers/Emprestimo.php(58): view()
 6 SYSTEMPATH/CodeIgniter.php(941): App\Controllers\Emprestimo->editar()
 7 SYSTEMPATH/CodeIgniter.php(502): CodeIgniter\CodeIgniter->runController()
 8 SYSTEMPATH/CodeIgniter.php(361): CodeIgniter\CodeIgniter->handleRequest()
 9 FCPATH/index.php(79): CodeIgniter\CodeIgniter->run()
10 SYSTEMPATH/Commands/Server/rewrite.php(47): require_once('/opt/lampp/htdocs/ci4_biblioteca/public/index.php')
CRITICAL - 2024-06-03 15:34:37 --> ErrorException: Undefined array key "id_usuario"
in APPPATH/Views/emprestimo/edit.php on line 44.
 1 APPPATH/Views/emprestimo/edit.php(44): CodeIgniter\Debug\Exceptions->errorHandler()
 2 SYSTEMPATH/View/View.php(228): include('/opt/lampp/htdocs/ci4_biblioteca/app/Views/emprestimo/edit.php')
 3 SYSTEMPATH/View/View.php(231): CodeIgniter\View\View->CodeIgniter\View\{closure}()
 4 SYSTEMPATH/Common.php(1178): CodeIgniter\View\View->render()
 5 APPPATH/Controllers/Emprestimo.php(58): view()
 6 SYSTEMPATH/CodeIgniter.php(941): App\Controllers\Emprestimo->editar()
 7 SYSTEMPATH/CodeIgniter.php(502): CodeIgniter\CodeIgniter->runController()
 8 SYSTEMPATH/CodeIgniter.php(361): CodeIgniter\CodeIgniter->handleRequest()
 9 FCPATH/index.php(79): CodeIgniter\CodeIgniter->run()
10 SYSTEMPATH/Commands/Server/rewrite.php(47): require_once('/opt/lampp/htdocs/ci4_biblioteca/public/index.php')
CRITICAL - 2024-06-03 15:35:41 --> ErrorException: Undefined variable $ListaUsuarios
in APPPATH/Views/emprestimo/edit.php on line 44.
 1 APPPATH/Views/emprestimo/edit.php(44): CodeIgniter\Debug\Exceptions->errorHandler()
 2 SYSTEMPATH/View/View.php(228): include('/opt/lampp/htdocs/ci4_biblioteca/app/Views/emprestimo/edit.php')
 3 SYSTEMPATH/View/View.php(231): CodeIgniter\View\View->CodeIgniter\View\{closure}()
 4 SYSTEMPATH/Common.php(1178): CodeIgniter\View\View->render()
 5 APPPATH/Controllers/Emprestimo.php(58): view()
 6 SYSTEMPATH/CodeIgniter.php(941): App\Controllers\Emprestimo->editar()
 7 SYSTEMPATH/CodeIgniter.php(502): CodeIgniter\CodeIgniter->runController()
 8 SYSTEMPATH/CodeIgniter.php(361): CodeIgniter\CodeIgniter->handleRequest()
 9 FCPATH/index.php(79): CodeIgniter\CodeIgniter->run()
10 SYSTEMPATH/Commands/Server/rewrite.php(47): require_once('/opt/lampp/htdocs/ci4_biblioteca/public/index.php')
CRITICAL - 2024-06-03 15:36:09 --> ErrorException: Undefined array key "nome"
in APPPATH/Views/emprestimo/edit.php on line 44.
 1 APPPATH/Views/emprestimo/edit.php(44): CodeIgniter\Debug\Exceptions->errorHandler()
 2 SYSTEMPATH/View/View.php(228): include('/opt/lampp/htdocs/ci4_biblioteca/app/Views/emprestimo/edit.php')
 3 SYSTEMPATH/View/View.php(231): CodeIgniter\View\View->CodeIgniter\View\{closure}()
 4 SYSTEMPATH/Common.php(1178): CodeIgniter\View\View->render()
 5 APPPATH/Controllers/Emprestimo.php(58): view()
 6 SYSTEMPATH/CodeIgniter.php(941): App\Controllers\Emprestimo->editar()
 7 SYSTEMPATH/CodeIgniter.php(502): CodeIgniter\CodeIgniter->runController()
 8 SYSTEMPATH/CodeIgniter.php(361): CodeIgniter\CodeIgniter->handleRequest()
 9 FCPATH/index.php(79): CodeIgniter\CodeIgniter->run()
10 SYSTEMPATH/Commands/Server/rewrite.php(47): require_once('/opt/lampp/htdocs/ci4_biblioteca/public/index.php')
CRITICAL - 2024-06-03 15:36:10 --> ErrorException: Undefined array key "nome"
in APPPATH/Views/emprestimo/edit.php on line 44.
 1 APPPATH/Views/emprestimo/edit.php(44): CodeIgniter\Debug\Exceptions->errorHandler()
 2 SYSTEMPATH/View/View.php(228): include('/opt/lampp/htdocs/ci4_biblioteca/app/Views/emprestimo/edit.php')
 3 SYSTEMPATH/View/View.php(231): CodeIgniter\View\View->CodeIgniter\View\{closure}()
 4 SYSTEMPATH/Common.php(1178): CodeIgniter\View\View->render()
 5 APPPATH/Controllers/Emprestimo.php(58): view()
 6 SYSTEMPATH/CodeIgniter.php(941): App\Controllers\Emprestimo->editar()
 7 SYSTEMPATH/CodeIgniter.php(502): CodeIgniter\CodeIgniter->runController()
 8 SYSTEMPATH/CodeIgniter.php(361): CodeIgniter\CodeIgniter->handleRequest()
 9 FCPATH/index.php(79): CodeIgniter\CodeIgniter->run()
10 SYSTEMPATH/Commands/Server/rewrite.php(47): require_once('/opt/lampp/htdocs/ci4_biblioteca/public/index.php')
CRITICAL - 2024-06-03 15:47:42 --> ErrorException: Undefined variable $usuario
in APPPATH/Views/emprestimo/edit.php on line 44.
 1 APPPATH/Views/emprestimo/edit.php(44): CodeIgniter\Debug\Exceptions->errorHandler()
 2 SYSTEMPATH/View/View.php(228): include('/opt/lampp/htdocs/ci4_biblioteca/app/Views/emprestimo/edit.php')
 3 SYSTEMPATH/View/View.php(231): CodeIgniter\View\View->CodeIgniter\View\{closure}()
 4 SYSTEMPATH/Common.php(1178): CodeIgniter\View\View->render()
 5 APPPATH/Controllers/Emprestimo.php(58): view()
 6 SYSTEMPATH/CodeIgniter.php(941): App\Controllers\Emprestimo->editar()
 7 SYSTEMPATH/CodeIgniter.php(502): CodeIgniter\CodeIgniter->runController()
 8 SYSTEMPATH/CodeIgniter.php(361): CodeIgniter\CodeIgniter->handleRequest()
 9 FCPATH/index.php(79): CodeIgniter\CodeIgniter->run()
10 SYSTEMPATH/Commands/Server/rewrite.php(47): require_once('/opt/lampp/htdocs/ci4_biblioteca/public/index.php')
CRITICAL - 2024-06-03 15:50:21 --> ErrorException: Undefined variable $usuario
in APPPATH/Views/emprestimo/edit.php on line 44.
 1 APPPATH/Views/emprestimo/edit.php(44): CodeIgniter\Debug\Exceptions->errorHandler()
 2 SYSTEMPATH/View/View.php(228): include('/opt/lampp/htdocs/ci4_biblioteca/app/Views/emprestimo/edit.php')
 3 SYSTEMPATH/View/View.php(231): CodeIgniter\View\View->CodeIgniter\View\{closure}()
 4 SYSTEMPATH/Common.php(1178): CodeIgniter\View\View->render()
 5 APPPATH/Controllers/Emprestimo.php(58): view()
 6 SYSTEMPATH/CodeIgniter.php(941): App\Controllers\Emprestimo->editar()
 7 SYSTEMPATH/CodeIgniter.php(502): CodeIgniter\CodeIgniter->runController()
 8 SYSTEMPATH/CodeIgniter.php(361): CodeIgniter\CodeIgniter->handleRequest()
 9 FCPATH/index.php(79): CodeIgniter\CodeIgniter->run()
10 SYSTEMPATH/Commands/Server/rewrite.php(47): require_once('/opt/lampp/htdocs/ci4_biblioteca/public/index.php')
ERROR - 2024-06-03 15:54:44 --> mysqli_sql_exception: Cannot add or update a child row: a foreign key constraint fails (`biblioteca`.`emprestimo`, CONSTRAINT `emprestimo_ibfk_1` FOREIGN KEY (`id_livro`) REFERENCES `livro` (`id`)) in /opt/lampp/htdocs/ci4_biblioteca/system/Database/MySQLi/Connection.php:306
Stack trace:
#0 /opt/lampp/htdocs/ci4_biblioteca/system/Database/MySQLi/Connection.php(306): mysqli->query()
#1 /opt/lampp/htdocs/ci4_biblioteca/system/Database/BaseConnection.php(693): CodeIgniter\Database\MySQLi\Connection->execute()
#2 /opt/lampp/htdocs/ci4_biblioteca/system/Database/BaseConnection.php(607): CodeIgniter\Database\BaseConnection->simpleQuery()
#3 /opt/lampp/htdocs/ci4_biblioteca/system/Database/BaseBuilder.php(2474): CodeIgniter\Database\BaseConnection->query()
#4 /opt/lampp/htdocs/ci4_biblioteca/system/Model.php(393): CodeIgniter\Database\BaseBuilder->update()
#5 /opt/lampp/htdocs/ci4_biblioteca/system/BaseModel.php(987): CodeIgniter\Model->doUpdate()
#6 /opt/lampp/htdocs/ci4_biblioteca/system/Model.php(807): CodeIgniter\BaseModel->update()
#7 /opt/lampp/htdocs/ci4_biblioteca/system/BaseModel.php(711): CodeIgniter\Model->update()
#8 /opt/lampp/htdocs/ci4_biblioteca/app/Controllers/Emprestimo.php(67): CodeIgniter\BaseModel->save()
#9 /opt/lampp/htdocs/ci4_biblioteca/system/CodeIgniter.php(941): App\Controllers\Emprestimo->salvar()
#10 /opt/lampp/htdocs/ci4_biblioteca/system/CodeIgniter.php(502): CodeIgniter\CodeIgniter->runController()
#11 /opt/lampp/htdocs/ci4_biblioteca/system/CodeIgniter.php(361): CodeIgniter\CodeIgniter->handleRequest()
#12 /opt/lampp/htdocs/ci4_biblioteca/public/index.php(79): CodeIgniter\CodeIgniter->run()
#13 /opt/lampp/htdocs/ci4_biblioteca/system/Commands/Server/rewrite.php(47): require_once('...')
#14 {main}
CRITICAL - 2024-06-03 15:54:44 --> CodeIgniter\Database\Exceptions\DatabaseException: Cannot add or update a child row: a foreign key constraint fails (`biblioteca`.`emprestimo`, CONSTRAINT `emprestimo_ibfk_1` FOREIGN KEY (`id_livro`) REFERENCES `livro` (`id`))
in SYSTEMPATH/Database/BaseConnection.php on line 647.
 1 SYSTEMPATH/Database/BaseBuilder.php(2474): CodeIgniter\Database\BaseConnection->query()
 2 SYSTEMPATH/Model.php(393): CodeIgniter\Database\BaseBuilder->update()
 3 SYSTEMPATH/BaseModel.php(987): CodeIgniter\Model->doUpdate()
 4 SYSTEMPATH/Model.php(807): CodeIgniter\BaseModel->update()
 5 SYSTEMPATH/BaseModel.php(711): CodeIgniter\Model->update()
 6 APPPATH/Controllers/Emprestimo.php(67): CodeIgniter\BaseModel->save()
 7 SYSTEMPATH/CodeIgniter.php(941): App\Controllers\Emprestimo->salvar()
 8 SYSTEMPATH/CodeIgniter.php(502): CodeIgniter\CodeIgniter->runController()
 9 SYSTEMPATH/CodeIgniter.php(361): CodeIgniter\CodeIgniter->handleRequest()
10 FCPATH/index.php(79): CodeIgniter\CodeIgniter->run()
11 SYSTEMPATH/Commands/Server/rewrite.php(47): require_once('/opt/lampp/htdocs/ci4_biblioteca/public/index.php')
CRITICAL - 2024-06-03 15:54:44 --> [Caused by] CodeIgniter\Database\Exceptions\DatabaseException: Cannot add or update a child row: a foreign key constraint fails (`biblioteca`.`emprestimo`, CONSTRAINT `emprestimo_ibfk_1` FOREIGN KEY (`id_livro`) REFERENCES `livro` (`id`))
in SYSTEMPATH/Database/MySQLi/Connection.php on line 311.
 1 SYSTEMPATH/Database/BaseConnection.php(693): CodeIgniter\Database\MySQLi\Connection->execute()
 2 SYSTEMPATH/Database/BaseConnection.php(607): CodeIgniter\Database\BaseConnection->simpleQuery()
 3 SYSTEMPATH/Database/BaseBuilder.php(2474): CodeIgniter\Database\BaseConnection->query()
 4 SYSTEMPATH/Model.php(393): CodeIgniter\Database\BaseBuilder->update()
 5 SYSTEMPATH/BaseModel.php(987): CodeIgniter\Model->doUpdate()
 6 SYSTEMPATH/Model.php(807): CodeIgniter\BaseModel->update()
 7 SYSTEMPATH/BaseModel.php(711): CodeIgniter\Model->update()
 8 APPPATH/Controllers/Emprestimo.php(67): CodeIgniter\BaseModel->save()
 9 SYSTEMPATH/CodeIgniter.php(941): App\Controllers\Emprestimo->salvar()
10 SYSTEMPATH/CodeIgniter.php(502): CodeIgniter\CodeIgniter->runController()
11 SYSTEMPATH/CodeIgniter.php(361): CodeIgniter\CodeIgniter->handleRequest()
12 FCPATH/index.php(79): CodeIgniter\CodeIgniter->run()
13 SYSTEMPATH/Commands/Server/rewrite.php(47): require_once('/opt/lampp/htdocs/ci4_biblioteca/public/index.php')
CRITICAL - 2024-06-03 15:54:44 --> [Caused by] mysqli_sql_exception: Cannot add or update a child row: a foreign key constraint fails (`biblioteca`.`emprestimo`, CONSTRAINT `emprestimo_ibfk_1` FOREIGN KEY (`id_livro`) REFERENCES `livro` (`id`))
in SYSTEMPATH/Database/MySQLi/Connection.php on line 306.
 1 SYSTEMPATH/Database/MySQLi/Connection.php(306): mysqli->query()
 2 SYSTEMPATH/Database/BaseConnection.php(693): CodeIgniter\Database\MySQLi\Connection->execute()
 3 SYSTEMPATH/Database/BaseConnection.php(607): CodeIgniter\Database\BaseConnection->simpleQuery()
 4 SYSTEMPATH/Database/BaseBuilder.php(2474): CodeIgniter\Database\BaseConnection->query()
 5 SYSTEMPATH/Model.php(393): CodeIgniter\Database\BaseBuilder->update()
 6 SYSTEMPATH/BaseModel.php(987): CodeIgniter\Model->doUpdate()
 7 SYSTEMPATH/Model.php(807): CodeIgniter\BaseModel->update()
 8 SYSTEMPATH/BaseModel.php(711): CodeIgniter\Model->update()
 9 APPPATH/Controllers/Emprestimo.php(67): CodeIgniter\BaseModel->save()
10 SYSTEMPATH/CodeIgniter.php(941): App\Controllers\Emprestimo->salvar()
11 SYSTEMPATH/CodeIgniter.php(502): CodeIgniter\CodeIgniter->runController()
12 SYSTEMPATH/CodeIgniter.php(361): CodeIgniter\CodeIgniter->handleRequest()
13 FCPATH/index.php(79): CodeIgniter\CodeIgniter->run()
14 SYSTEMPATH/Commands/Server/rewrite.php(47): require_once('/opt/lampp/htdocs/ci4_biblioteca/public/index.php')
